0.0025 33579.24 -71472.51 32729.363 11
0.0075 63526.93 24452.438 -50333.195 56
0.0125 76914.68 27319.803 -19653.533 160
0.0175 64683.58 47817.03 9406.002 300
0.0225 58195.742 -9265.049 615.0682 478
0.0275 60513.477 23071.379 -16202.648 774
0.0325 52487.754 9192.99 -14069.342 1076
0.0375 37424.805 12395.258 -10193.254 1360
0.0425 36969.76 12451.071 -2873.9521 1784
0.0475 32682.105 12103.759 9700.157 2218
0.0525 31454.75 13074.252 14019.185 2762
0.0575 29864.2 12859.38 3052.8926 3296
0.0625 28241.992 11183.634 1052.8403 3800
0.0675 26492.387 10368.493 618.9384 4480
0.0725 24172.086 8074.6533 -3278.5513 5144
0.0775 22148.65 10861.972 -2393.9578 5966
0.0825 19897.404 8060.4697 2853.5828 6892
0.0875 17489.98 7301.913 2501.9377 7512
0.0925 16426.303 4626.811 -24.569418 8384
0.0975 15975.977 3569.4 799.0292 9390
0.1025 14978.621 6915.6577 1386.6748 10442
0.1075 13901.361 4823.3267 30.53721 11544
0.1125 13144.631 5259.7505 1611.4583 12308
0.1175 12141.154 3565.3682 255.70404 13696
0.1225 12097.863 2742.1992 -375.50952 14754
0.1275 11389.184 3427.293 -482.46237 16182
0.1325 10387.797 4024.1108 -907.1724 17320
0.1375 10488.135 3115.424 -297.45236 18744
0.1425 9849.551 2663.8362 234.64397 19838
0.1475 9291.08 3414.7178 529.5859 21586
0.1525 8854.404 3758.6887 766.9281 22902
0.1575 8228.796 2732.6672 200.59964 24628
0.1625 7492.1543 2760.9858 883.2948 26104
0.1675 7091.0303 2027.4353 1008.8405 27736
0.1725 7000.044 1865.0615 -185.93681 29310
0.1775 6747.342 1970.7208 498.05396 31212
0.1825 6312.0947 1806.011 904.1806 32822
0.1875 6000.25 1569.7738 194.77934 34816
0.1925 6021.911 1307.4547 510.45804 36320
0.1975 5742.2803 1203.221 296.52518 38814
0.2025 5527.802 1381.3866 198.85802 40524
0.2075 5476.756 793.5291 759.2527 42610
0.2125 5189.216 1037.2814 291.92487 44672
0.2175 5019.249 421.46967 70.57191 46430
0.2225 4841.9297 658.3489 326.9203 49018
0.2275 4609.911 1043.7087 304.8519 51064
0.2325 4480.0957 826.2064 97.43399 53674
0.2375 4337.551 873.20953 561.98267 55540
0.2425 4171.327 597.4757 408.09293 57974
0.2475 3966.7227 949.8171 664.5919 60520
0.2525 3946.4512 894.602 338.44382 63048
0.2575 3935.6768 497.3891 256.64334 65774
0.2625 3721.079 499.4069 538.85675 67780
0.2675 3621.7031 419.40955 385.14096 70626
0.2725 3650.997 325.9261 217.35356 73744
0.2775 3408.8936 448.99182 224.95316 75904
0.2825 3176.6406 263.48572 280.41574 78966
0.2875 3136.8994 501.35526 230.82582 81386
0.2925 2964.46 391.9194 110.77252 84654
