0.0025 156120.64 44066.836 -254389.23 7
0.0075 76131.914 38501.348 -8455.452 60
0.0125 85713.945 42987.348 10939.338 204
0.0175 70287.1 27941.107 10085.74 344
0.0225 69839.83 14395.893 -5660.374 624
0.0275 53916.0 7329.668 -18351.854 884
0.0325 50215.652 11843.099 -3211.4763 1252
0.0375 47338.164 20395.885 -5685.066 1620
0.0425 39678.49 11590.8955 -12328.122 2110
0.0475 35061.992 13932.285 -4712.6885 2704
0.0525 35187.53 13193.356 -1085.4095 3236
0.0575 30824.12 14152.853 4542.609 3844
0.0625 29092.271 11413.364 56.22066 4600
0.0675 27791.389 9041.41 -3002.883 5334
0.0725 25294.29 9563.614 -1707.736 6204
0.0775 23891.672 10451.215 -551.2024 7028
0.0825 22654.89 8150.3516 411.0727 7912
0.0875 21384.713 8410.579 -539.0393 9042
0.0925 17877.096 7992.398 1210.3083 10072
0.0975 17099.756 5942.47 2006.9257 11138
0.1025 15652.236 4551.7363 295.21387 12292
0.1075 14822.746 5010.664 1179.5304 13600
0.1125 13965.863 5095.8667 937.9798 14864
0.1175 13252.748 4365.869 335.58102 16172
0.1225 12950.779 4311.181 -101.94702 17652
0.1275 12140.536 3196.8088 -415.6842 18948
0.1325 11984.599 4300.405 337.2347 20560
0.1375 10905.931 3878.0234 758.31525 22236
0.1425 10472.917 2580.1096 104.27906 23776
0.1475 10027.069 2879.2107 492.61948 25720
0.1525 9466.704 3244.4412 599.60223 27204
0.1575 8656.269 2596.256 674.239 29136
0.1625 8260.409 2365.2473 73.13368 30952
0.1675 8084.2734 2125.1067 249.38388 32908
0.1725 7620.3555 1886.7272 644.5367 34856
0.1775 7377.657 1438.1031 251.43896 37042
0.1825 6969.83 1354.8119 -109.88339 38912
0.1875 7098.3545 1330.3276 315.06787 41340
0.1925 6681.46 1680.3535 748.6527 43292
0.1975 6502.26 1253.7549 548.5909 45798
0.2025 6246.7627 1065.8628 793.09985 48174
0.2075 5972.7734 1346.8586 441.46353 50492
0.2125 5582.6934 1176.083 314.58884 52920
0.2175 5381.1484 690.49146 305.65613 55462
0.2225 5262.416 826.5097 322.7684 58024
0.2275 5013.8984 1043.9872 265.77176 60916
0.2325 4931.705 913.30365 208.28049 63328
0.2375 4669.9814 583.84827 277.92307 66376
0.2425 4635.7295 572.0029 419.38263 68740
0.2475 4414.284 527.14386 399.57523 71968
0.2525 4274.491 652.4652 511.72803 74568
0.2575 4173.883 356.85416 522.81067 77884
0.2625 3904.6667 239.57338 468.90146 80306
0.2675 3863.9128 312.27338 503.7354 84462
0.2725 3686.4504 257.51886 499.2612 86764
0.2775 3631.8293 334.37357 615.9644 90700
0.2825 3511.5222 248.89667 307.35986 93444
0.2875 3396.092 193.96494 467.9943 97264
0.2925 3407.2654 220.49681 587.39594 100300
