0.0025 115814.71 -167826.83 70133.54 3
0.0075 87417.12 -63216.33 -15949.607 36
0.0125 72649.05 2879.279 -8684.8 86
0.0175 75205.44 4058.363 -1141.3324 168
0.0225 59265.707 43825.734 43769.78 252
0.0275 63477.24 41821.984 -2287.873 412
0.0325 54671.496 36901.43 -22212.074 586
0.0375 45725.48 25714.258 -3712.613 716
0.0425 39540.375 6089.2427 -545.90967 952
0.0475 37924.637 3061.329 -59.39821 1170
0.0525 34792.445 5684.534 1798.8635 1486
0.0575 30734.354 6808.729 3083.3992 1760
0.0625 29935.299 11003.174 5455.826 2086
0.0675 26794.617 12625.122 5654.002 2404
0.0725 25387.35 10661.24 -1084.357 2752
0.0775 22847.863 11887.059 -40.362522 3148
0.0825 20928.17 5490.2207 -2816.0957 3660
0.0875 18594.691 5026.4365 -848.14825 4156
0.0925 17729.38 5116.346 2125.7432 4470
0.0975 15847.873 5182.0986 1408.9354 4954
0.1025 15327.502 3617.6462 991.33966 5654
0.1075 14741.084 4989.0493 371.33206 6112
0.1125 12820.49 5062.948 -209.68654 6670
0.1175 12548.165 2933.776 -353.49197 7204
0.1225 12151.843 3526.8271 1696.5769 7954
0.1275 11754.638 3397.4644 1555.0848 8644
0.1325 11412.223 3634.976 1660.6318 9258
0.1375 10678.673 3434.3152 587.02167 10124
0.1425 9607.186 2179.3184 114.03817 10690
0.1475 9323.208 2709.4565 914.26337 11558
0.1525 8907.048 2408.0803 -364.4329 12330
0.1575 8657.057 2169.9778 121.93401 13204
0.1625 7798.0166 1692.9951 -65.921295 13848
0.1675 7616.331 1935.8503 193.781 14928
0.1725 7127.4297 1465.133 -136.9958 15728
0.1775 6992.073 1893.6812 1749.9843 16704
0.1825 6721.869 796.5457 1308.1016 17658
0.1875 6662.7236 1362.0908 1064.8955 18412
0.1925 6319.036 690.4968 388.0719 19706
0.1975 6090.635 1036.8773 1074.6721 20614
0.2025 5698.368 1562.7616 606.6326 21844
0.2075 5569.1846 1605.3845 398.52963 22904
0.2125 5286.176 1035.117 290.134 23752
0.2175 5138.5264 660.74945 99.91156 25014
0.2225 5051.458 1187.8746 1013.5832 26342
0.2275 4695.673 1045.0038 769.52606 27434
0.2325 4585.9336 1024.358 127.74048 28532
0.2375 4529.1475 801.79224 56.602833 29674
0.2425 4413.499 486.0172 138.71124 31064
0.2475 4390.5225 852.1387 379.589 32574
0.2525 4251.206 705.8063 717.60065 33848
0.2575 4036.7463 535.35913 443.2175 35194
0.2625 3825.422 471.04956 766.5131 36444
0.2675 3739.7297 134.07057 710.16565 37760
0.2725 3634.4548 135.13893 547.4279 39236
0.2775 3542.9597 296.92352 497.4302 40926
0.2825 3330.452 274.23224 519.8934 42306
0.2875 3330.696 148.72562 542.8408 43730
0.2925 3252.953 8.489501 326.26218 45202
