0.0025 23562.984 -15743.383 -15323.505 25
0.0075 73813.88 -31877.994 -20434.807 168
0.0125 80987.04 11537.847 -23639.648 472
0.0175 61137.453 35478.51 -8662.1875 890
0.0225 53282.996 9203.836 1276.1865 1532
0.0275 50737.777 12213.849 -21456.174 2268
0.0325 52258.367 16936.434 -21062.045 3102
0.0375 44876.09 26527.148 -10177.862 4096
0.0425 37646.45 16897.332 2187.3054 5338
0.0475 34532.926 12254.103 14648.771 6602
0.0525 32898.41 6575.0596 7438.2236 8180
0.0575 30348.021 9629.893 6863.4663 9686
0.0625 26843.951 12073.51 5269.421 11538
0.0675 26409.451 11002.973 1991.9327 13460
0.0725 23829.033 11873.514 588.12506 15518
0.0775 22150.27 7776.758 -3386.7693 17632
0.0825 19857.686 6816.193 -2644.555 20058
0.0875 17656.006 4022.011 -1558.5248 22652
0.0925 16926.055 4593.541 797.01624 25168
0.0975 16072.944 5195.739 2641.6829 27996
0.1025 14470.179 5212.4873 1486.5133 30926
0.1075 13581.54 4420.4 504.9581 34180
0.1125 12705.895 3502.324 -905.5865 37086
0.1175 12059.731 3799.0085 62.30647 40784
0.1225 11887.549 3321.5217 853.9257 44202
0.1275 11275.651 3500.3042 207.48276 47854
0.1325 10655.764 3798.2417 198.21123 51778
0.1375 10323.123 2130.762 779.6663 55912
0.1425 9574.632 2680.1802 706.67566 59418
0.1475 9112.516 2872.7646 95.53587 64188
0.1525 8572.103 3202.0234 305.70554 68534
0.1575 8311.793 2803.9277 784.7796 72928
0.1625 7745.3164 2830.7585 337.5019 77628
0.1675 7100.957 2092.489 362.3693 82926
0.1725 6644.534 1875.8325 387.7608 87624
0.1775 6575.421 1484.2124 1085.0397 92732
0.1825 6311.409 1201.1133 1137.796 97926
0.1875 6044.3906 1456.3533 590.1912 103868
0.1925 5871.078 1133.87 9.743836 109050
0.1975 5762.842 1021.0291 -153.20851 115162
0.2025 5572.133 806.4916 145.21178 120432
0.2075 5237.419 849.2285 337.05402 127118
0.2125 5210.621 658.9885 300.8851 133068
0.2175 5018.5977 814.28815 345.2018 139264
0.2225 4786.285 1006.88684 698.55725 145802
0.2275 4586.157 840.4974 388.8966 152310
0.2325 4342.176 892.711 158.10313 159314
0.2375 4248.384 782.8398 329.0094 166216
0.2425 4234.0312 852.4352 412.3553 172774
0.2475 4053.0564 913.8518 504.07565 180486
0.2525 4036.5852 533.43646 490.78754 187748
0.2575 3812.3596 606.26154 268.4632 195750
0.2625 3698.4954 615.3519 139.88649 202688
0.2675 3646.3137 447.7941 261.7027 211120
0.2725 3560.0427 281.73846 446.63715 218446
0.2775 3342.0608 235.94473 362.2925 227208
0.2825 3148.1707 232.86493 409.37592 234900
0.2875 2997.868 503.7751 378.07727 243042
0.2925 2956.4338 507.114 519.02124 252128
0.2975 2933.7776 256.8559 445.78653 260714
