0.0025 153916.84 44364.734 5134.4595 25
0.0075 69656.766 27691.973 -11736.093 168
0.0125 79914.836 37517.316 14952.058 472
0.0175 77879.43 31674.734 9665.521 890
0.0225 67054.914 14620.239 -10897.454 1532
0.0275 53548.305 5933.1157 -13621.303 2268
0.0325 50432.176 12497.69 -3385.5886 3102
0.0375 47048.168 17497.684 -6867.3096 4096
0.0425 39605.043 12994.365 -12232.168 5338
0.0475 35716.51 15531.219 -4778.9116 6602
0.0525 35123.707 13345.314 -749.1874 8180
0.0575 30842.416 13827.716 3601.6667 9686
0.0625 29190.373 11517.088 710.60535 11538
0.0675 27700.799 9452.642 -2901.698 13460
0.0725 25332.723 8781.613 -2348.0522 15518
0.0775 23701.023 10191.859 -24.660683 17632
0.0825 22713.496 8554.378 537.3848 20058
0.0875 21454.66 8265.358 -508.28387 22652
0.0925 17949.498 8174.2295 1121.5488 25168
0.0975 16965.752 5745.12 2183.6565 27996
0.1025 15541.135 4670.638 95.18722 30926
0.1075 15011.158 4767.1333 1327.1139 34180
0.1125 13909.439 5260.038 801.6931 37086
0.1175 13202.789 4543.2896 140.82585 40784
0.1225 12991.381 4153.187 -45.55755 44202
0.1275 12235.774 3548.4495 -258.85846 47854
0.1325 11780.336 4103.8496 206.12973 51778
0.1375 11002.784 3702.9346 773.53625 55912
0.1425 10406.485 2580.9019 227.7099 59418
0.1475 10113.677 3006.253 382.98743 64188
0.1525 9417.478 3195.1404 717.6322 68534
0.1575 8724.857 2535.4534 636.58057 72928
0.1625 8257.611 2429.0256 122.354225 77628
0.1675 8032.6357 2103.5017 258.28897 82926
0.1725 7604.172 1972.3951 670.6749 87624
0.1775 7419.9375 1341.356 61.199867 92732
0.1825 7017.8145 1460.4553 47.891808 97926
0.1875 7061.8574 1327.5831 325.06876 103868
0.1925 6656.174 1583.035 625.7769 109050
0.1975 6538.4043 1314.3527 664.0176 115162
0.2025 6235.7207 1076.8798 678.7804 120432
0.2075 5988.288 1306.7284 539.13715 127118
0.2125 5593.8955 1264.5497 238.14622 133068
0.2175 5376.915 652.4635 312.72305 139264
0.2225 5235.91 827.4421 289.93375 145802
0.2275 5033.4473 1016.45087 265.64243 152310
0.2325 4889.337 871.695 287.76425 159314
0.2375 4691.1074 629.99786 258.0556 166216
0.2425 4634.407 549.073 443.5492 172774
0.2475 4442.296 555.4192 325.84662 180486
0.2525 4251.25 650.8286 542.7369 187748
0.2575 4161.1934 321.91214 507.4992 195750
0.2625 3923.089 262.25494 445.2936 202688
0.2675 3852.2449 317.32 531.5347 211120
0.2725 3701.4207 258.7155 499.89377 218446
0.2775 3613.095 328.84064 614.7376 227208
0.2825 3498.8787 212.95728 313.80917 234900
0.2875 3427.5828 218.30026 502.72485 243042
0.2925 3402.7898 247.84271 561.2061 252128
0.2975 3289.2375 185.60048 500.85782 260714
