0.0025 97915.89 -19196.057 6170.6313 25
0.0075 74649.0 8502.829 -12836.506 168
0.0125 69352.19 25684.05 -16324.13 472
0.0175 63655.152 19202.107 -5321.781 890
0.0225 56982.06 14719.616 1793.1677 1532
0.0275 50136.035 24647.334 -7097.958 2268
0.0325 48488.062 14861.587 -8048.109 3102
0.0375 42031.156 13890.326 -6384.6904 4096
0.0425 36828.848 16589.117 -7588.597 5338
0.0475 33263.94 15136.114 1043.5951 6602
0.0525 31065.29 12809.004 3727.1162 8180
0.0575 30810.105 10974.304 4067.9082 9686
0.0625 29026.111 11304.174 1976.5315 11538
0.0675 27657.16 11309.864 537.2313 13460
0.0725 24389.01 11703.356 -1001.9422 15518
0.0775 22433.383 7963.216 1.1639066 17632
0.0825 21196.271 6075.4653 915.8924 20058
0.0875 19123.8 7028.6133 435.0622 22652
0.0925 17643.1 7018.126 1905.0345 25168
0.0975 15882.994 5885.033 2842.7153 27996
0.1025 15090.725 5147.838 984.94415 30926
0.1075 14135.799 4605.255 331.42258 34180
0.1125 12848.85 4252.0815 -260.71994 37086
0.1175 12457.424 4380.7896 -276.70575 40784
0.1225 12285.75 4271.9614 872.7127 44202
0.1275 11480.621 4169.754 283.77792 47854
0.1325 10666.09 3392.1113 -74.53426 51778
0.1375 10179.974 3086.6833 -383.7941 55912
0.1425 9980.285 3174.0757 227.82133 59418
0.1475 9304.236 3071.9106 647.64136 64188
0.1525 8804.83 2961.7642 71.8782 68534
0.1575 8266.448 2482.3015 460.28555 72928
0.1625 7695.508 2378.2395 414.20215 77628
0.1675 7571.337 2175.171 119.87071 82926
0.1725 7261.341 2076.5015 71.15742 87624
0.1775 6787.2773 1954.6428 289.08658 92732
0.1825 6563.658 1895.612 253.03722 97926
0.1875 6551.4346 1651.5417 419.12332 103868
0.1925 6178.127 1732.676 376.78323 109050
0.1975 6061.088 1492.4288 747.6135 115162
0.2025 5782.1523 1535.373 729.8003 120432
0.2075 5535.7725 1277.852 561.00275 127118
0.2125 5154.6553 1298.4082 316.044 133068
0.2175 4967.7 1238.6874 192.96397 139264
0.2225 4845.212 1211.257 87.89863 145802
0.2275 4707.2285 1013.613 166.56488 152310
0.2325 4535.871 999.0 223.65884 159314
0.2375 4391.3496 802.56525 175.661 166216
0.2425 4253.22 683.90436 172.38223 172774
0.2475 4058.941 722.65424 93.49445 180486
0.2525 3879.021 734.50836 261.99298 187748
0.2575 3844.8252 574.1854 387.91324 195750
0.2625 3643.6484 725.1028 308.7226 202688
0.2675 3517.3906 562.4885 339.32703 211120
0.2725 3416.6914 419.42947 302.01376 218446
0.2775 3278.8555 390.49216 355.81497 227208
0.2825 3235.814 303.08212 323.2653 234900
0.2875 3149.795 236.00638 357.2531 243042
0.2925 3038.3755 302.21124 426.34164 252128
0.2975 2936.768 289.34506 510.96808 260714
