0.0025 39021.395 -18952.703 317.6244 25
0.0075 63227.36 -7028.8423 -33818.543 168
0.0125 78428.3 32118.068 -31517.523 472
0.0175 60806.04 35679.332 4831.6685 890
0.0225 60574.97 14676.945 10761.817 1532
0.0275 59271.227 12468.063 -18377.223 2268
0.0325 53345.574 8773.65 -18526.184 3102
0.0375 37753.227 12689.247 -10024.142 4096
0.0425 36592.13 11661.148 -2498.812 5338
0.0475 32989.266 16665.646 12197.313 6602
0.0525 31414.371 8595.944 12226.664 8180
0.0575 29828.195 12301.483 3069.3403 9686
0.0625 27957.477 12909.986 773.8328 11538
0.0675 26751.059 9956.993 -162.81688 13460
0.0725 24246.223 9080.263 -1581.7123 15518
0.0775 21784.344 9545.805 -1826.4319 17632
0.0825 19969.377 8508.013 2014.9524 20058
0.0875 17556.8 7474.7637 1956.8872 22652
0.0925 16492.371 5345.309 352.19135 25168
0.0975 15866.273 3702.6516 1477.6951 27996
0.1025 15035.367 5851.8965 255.72998 30926
0.1075 13985.0 5356.902 819.1746 34180
0.1125 13127.781 4154.3994 791.26385 37086
0.1175 12288.969 4738.109 881.0787 40784
0.1225 11945.553 2666.859 -206.50491 44202
0.1275 11303.785 3141.1748 -603.58325 47854
0.1325 10465.336 3941.713 -1038.6179 51778
0.1375 10483.742 2971.733 -315.7951 55912
0.1425 9866.393 3040.8582 519.62756 59418
0.1475 9292.92 3316.62 361.999 64188
0.1525 8813.236 3384.3965 452.9995 68534
0.1575 8228.679 2878.0225 411.10367 72928
0.1625 7469.0156 2908.1375 806.0539 77628
0.1675 7095.954 2202.3577 1285.1715 82926
0.1725 7009.49 1858.0464 -232.66724 87624
0.1775 6651.872 1742.1963 316.22092 92732
0.1825 6424.6035 1755.115 923.44965 97926
0.1875 6015.616 1874.7529 375.67136 103868
0.1925 5963.1787 1311.2502 366.35858 109050
0.1975 5818.0186 1247.9031 371.31354 115162
0.2025 5517.365 1053.8934 194.3481 120432
0.2075 5422.4414 795.2171 507.17615 127118
0.2125 5226.75 1016.2822 428.41928 133068
0.2175 5040.589 616.62067 267.3536 139264
0.2225 4801.4453 731.06866 263.0165 145802
0.2275 4662.297 734.55786 114.124695 152310
0.2325 4463.26 1018.5414 237.22827 159314
0.2375 4333.216 801.4508 527.8406 166216
0.2425 4134.5283 812.7517 516.73926 172774
0.2475 3967.8213 799.82544 605.508 180486
0.2525 3967.7627 762.5593 204.99211 187748
0.2575 3949.745 560.2695 294.45355 195750
0.2625 3735.6582 561.72656 627.89606 202688
0.2675 3612.421 491.143 394.42456 211120
0.2725 3625.8096 326.72287 118.18636 218446
0.2775 3402.7158 275.65497 271.2637 227208
0.2825 3208.5146 286.2121 320.39932 234900
0.2875 3110.6797 489.8236 218.51634 243042
0.2925 2965.7012 613.1454 166.12689 252128
0.2975 2938.6865 315.9703 132.04971 260714
