0.0025 94945.86 -106957.15 33187.387 25
0.0075 95318.05 -61495.094 -21895.736 168
0.0125 70624.664 -17401.514 -12072.449 472
0.0175 75981.38 14931.4 6782.3125 890
0.0225 61840.984 48399.266 27142.846 1532
0.0275 60916.332 44228.273 -1285.8441 2268
0.0325 56477.098 34175.77 -20341.555 3102
0.0375 44417.65 20655.762 -4390.4463 4096
0.0425 39702.16 10108.558 673.38354 5338
0.0475 38465.977 4772.584 1626.9302 6602
0.0525 34408.383 5623.385 -1425.752 8180
0.0575 31011.314 2539.1733 3172.246 9686
0.0625 29663.31 11806.445 5882.493 11538
0.0675 26920.898 12889.571 5428.651 13460
0.0725 25384.262 11453.291 -209.98883 15518
0.0775 23016.727 10077.327 -815.11816 17632
0.0825 20348.096 6636.302 -1297.9872 20058
0.0875 18917.492 5318.8647 -1464.4788 22652
0.0925 17734.42 5613.0996 1641.5277 25168
0.0975 15920.215 5129.5854 1891.1265 27996
0.1025 15615.969 3487.0757 171.8833 30926
0.1075 14377.381 4828.8677 406.27603 34180
0.1125 12908.56 4590.4185 -256.6615 37086
0.1175 12671.363 3131.4253 458.76804 40784
0.1225 12098.071 3640.0637 1534.8281 44202
0.1275 11638.309 3575.3677 1396.4369 47854
0.1325 11510.828 3525.9238 1235.3872 51778
0.1375 10557.173 3248.522 759.239 55912
0.1425 9687.096 2424.7317 365.50742 59418
0.1475 9293.251 2470.6753 600.88275 64188
0.1525 9005.378 2528.2603 38.679253 68534
0.1575 8561.533 1787.293 -400.08118 72928
0.1625 7914.865 2165.4495 148.0967 77628
0.1675 7625.458 1989.6301 273.4373 82926
0.1725 7049.6396 1601.9058 116.57246 87624
0.1775 7009.9688 1517.1818 1421.145 92732
0.1825 6733.45 832.8659 1363.9617 97926
0.1875 6653.865 1298.9836 1013.5186 103868
0.1925 6332.165 839.38306 556.9532 109050
0.1975 6042.3457 934.812 1033.2733 115162
0.2025 5702.797 1516.487 556.2987 120432
0.2075 5526.5684 1623.9813 410.3173 127118
0.2125 5343.119 1159.5972 153.20491 133068
0.2175 5139.078 808.2231 276.80243 139264
0.2225 5056.2744 1024.2616 962.9037 145802
0.2275 4716.746 1061.3756 835.99506 152310
0.2325 4538.2285 890.5883 134.01756 159314
0.2375 4545.711 758.403 1.0165455 166216
0.2425 4413.7773 807.62244 139.58954 172774
0.2475 4403.6953 706.53174 417.44846 180486
0.2525 4214.6406 516.2261 556.8517 187748
0.2575 4040.698 688.162 517.27765 195750
0.2625 3855.8777 482.56027 796.4895 202688
0.2675 3709.073 143.6331 748.5893 211120
0.2725 3647.4177 196.23854 566.5096 218446
0.2775 3527.1965 168.4002 395.44815 227208
0.2825 3352.4622 323.32593 608.022 234900
0.2875 3343.6467 144.65936 495.7821 243042
0.2925 3255.8552 105.153114 392.5602 252128
0.2975 3143.9158 247.91974 581.7454 260714
