0.0025 100453.945 -39879.45 -49485.824 25
0.0075 96631.99 24292.6 15839.801 168
0.0125 64070.066 6678.527 5013.4307 472
0.0175 65376.99 8881.342 -8069.399 890
0.0225 58925.402 27457.436 5235.8184 1532
0.0275 47754.266 31638.096 6433.4443 2268
0.0325 47063.31 16671.426 4908.193 3102
0.0375 42868.883 15570.351 -1020.7473 4096
0.0425 36101.41 14519.915 3084.3452 5338
0.0475 34722.297 12659.967 3917.4834 6602
0.0525 31506.36 11711.428 1506.4409 8180
0.0575 29699.852 9444.145 -1215.3724 9686
0.0625 27974.14 10190.129 697.7094 11538
0.0675 26985.91 8435.86 283.6589 13460
0.0725 24364.686 9040.357 -2119.3892 15518
0.0775 22499.871 7986.644 -457.20865 17632
0.0825 21053.674 6968.613 2196.0603 20058
0.0875 18548.73 5688.808 2934.5754 22652
0.0925 17191.158 6026.65 1328.2449 25168
0.0975 16362.82 4790.571 966.10925 27996
0.1025 14859.416 4934.388 1339.9332 30926
0.1075 13678.871 4678.613 1395.775 34180
0.1125 12941.318 4037.3416 15.954459 37086
0.1175 12357.143 4056.667 -793.30414 40784
0.1225 12244.479 3877.6655 -61.778934 44202
0.1275 11713.137 4051.8113 308.2081 47854
0.1325 10869.23 3472.5735 -188.42004 51778
0.1375 10065.943 2953.6365 -269.55914 55912
0.1425 9418.816 2805.3237 425.96347 59418
0.1475 9016.842 2580.0916 297.05896 64188
0.1525 8704.959 2073.5464 480.702 68534
0.1575 8085.3306 2482.4138 133.14641 72928
0.1625 7638.9175 2077.4905 558.0739 77628
0.1675 7368.1772 1765.1006 609.576 82926
0.1725 7045.7466 2234.2583 329.21472 87624
0.1775 6780.3726 2278.272 14.161623 92732
0.1825 6628.848 1849.6927 532.03577 97926
0.1875 6452.612 1787.8859 538.5335 103868
0.1925 6133.4907 1615.1753 712.4871 109050
0.1975 5898.471 1485.2465 687.58746 115162
0.2025 5651.31 1303.0089 711.7539 120432
0.2075 5320.5747 1325.1431 686.4637 127118
0.2125 5196.054 1404.3414 616.44977 133068
0.2175 4981.1245 1213.0212 595.5594 139264
0.2225 4857.6245 1127.3457 364.543 145802
0.2275 4580.732 1033.7709 466.47137 152310
0.2325 4403.3423 1207.6444 397.6458 159314
0.2375 4396.185 852.5758 461.10794 166216
0.2425 4260.309 989.12585 423.7679 172774
0.2475 4065.5562 1055.6904 547.3745 180486
0.2525 3978.2896 798.5387 524.2421 187748
0.2575 3850.6323 538.5049 429.27493 195750
0.2625 3602.4478 664.3137 174.44974 202688
0.2675 3481.851 604.3356 424.2298 211120
0.2725 3326.8179 630.3287 371.1474 218446
0.2775 3241.773 459.22488 304.2439 227208
0.2825 3159.483 318.71127 400.5961 234900
0.2875 3123.7446 249.92065 394.54385 243042
0.2925 3006.0757 269.75613 374.34854 252128
0.2975 2848.0327 242.51593 359.29977 260714
